<?xml version="1.0" encoding="UTF-8"?>
<testsuites name="jest tests" tests="14" failures="0" errors="0" time="1.465">
  <testsuite name="Donation Tracker" errors="0" failures="0" skipped="0" timestamp="2026-06-26T02:12:46" time="0.429" tests="3">
    <testcase classname="Donation Tracker adds donation to table" name="Donation Tracker adds donation to table" time="0.02">
    </testcase>
    <testcase classname="Donation Tracker calculates total correctly" name="Donation Tracker calculates total correctly" time="0.008">
    </testcase>
    <testcase classname="Donation Tracker delete donation works" name="Donation Tracker delete donation works" time="0.003">
    </testcase>
  </testsuite>
  <testsuite name="Event Signup Component - Stage Two Rubric Tests" errors="0" failures="0" skipped="0" timestamp="2026-06-26T02:12:46" time="0.645" tests="5">
    <testcase classname="Event Signup Component - Stage Two Rubric Tests Integration 1: Submitting form updates table and saves to localStorage" name="Event Signup Component - Stage Two Rubric Tests Integration 1: Submitting form updates table and saves to localStorage" time="0.073">
    </testcase>
    <testcase classname="Event Signup Component - Stage Two Rubric Tests Integration 2: Persisted localStorage data correctly hydrates table on page load" name="Event Signup Component - Stage Two Rubric Tests Integration 2: Persisted localStorage data correctly hydrates table on page load" time="0.008">
    </testcase>
    <testcase classname="Event Signup Component - Stage Two Rubric Tests Unit 1: calculateRoleBreakdown outputs correct mathematical role tallies" name="Event Signup Component - Stage Two Rubric Tests Unit 1: calculateRoleBreakdown outputs correct mathematical role tallies" time="0.01">
    </testcase>
    <testcase classname="Event Signup Component - Stage Two Rubric Tests Unit 2: Deleting a record removes it from localStorage and the DOM table" name="Event Signup Component - Stage Two Rubric Tests Unit 2: Deleting a record removes it from localStorage and the DOM table" time="0.013">
    </testcase>
    <testcase classname="Event Signup Component - Stage Two Rubric Tests Unit 3: Deleting a record successfully lowers the Summary Breakdown counters" name="Event Signup Component - Stage Two Rubric Tests Unit 3: Deleting a record successfully lowers the Summary Breakdown counters" time="0.015">
    </testcase>
  </testsuite>
  <testsuite name="Volunteer Form Tests" errors="0" failures="0" skipped="0" timestamp="2026-06-26T02:12:47" time="0.533" tests="6">
    <testcase classname="Volunteer Form Tests valid form" name="Volunteer Form Tests valid form" time="0.04">
    </testcase>
    <testcase classname="Volunteer Form Tests empty form" name="Volunteer Form Tests empty form" time="0.016">
    </testcase>
    <testcase classname="Volunteer Form Tests invalid hours" name="Volunteer Form Tests invalid hours" time="0.018">
    </testcase>
    <testcase classname="Volunteer Form Tests invalid rating" name="Volunteer Form Tests invalid rating" time="0.006">
    </testcase>
    <testcase classname="Volunteer Form Tests invalid hours type" name="Volunteer Form Tests invalid hours type" time="0.005">
    </testcase>
    <testcase classname="Volunteer Form Tests invalid rating shows error" name="Volunteer Form Tests invalid rating shows error" time="0.005">
    </testcase>
  </testsuite>
</testsuites>